<?xml version="1.0" encoding="UTF-8"?>
<!-- Generated by org.testng.reporters.JUnitReportReporter -->
<testsuite hostname="JCHAVATHE-LP1" failures="0" tests="1" name="rest.assured.api.FirstProgram" time="1.716" errors="0" timestamp="2022-06-28T17:58:08 IST" skipped="0">
  <testcase classname="rest.assured.api.FirstProgram" name="test" time="1.716"/>
  <system-out/>
</testsuite> <!-- rest.assured.api.FirstProgram -->
